<?xml version="1.0" encoding="UTF-8"?>
<!-- Generated by org.testng.reporters.JUnitReportReporter -->
<testsuite hostname="DESKTOP-37N23S7" failures="0" tests="10" name="Magento_signin" time="2.038" errors="0" timestamp="2023-10-23T11:50:31 EET" skipped="0">
  <testcase classname="Magento_signin" name="myTest" time="0.202"/>
  <system-out/>
  <testcase classname="Magento_signin" name="myTest" time="0.202"/>
  <system-out/>
  <testcase classname="Magento_signin" name="myTest" time="0.202"/>
  <system-out/>
  <testcase classname="Magento_signin" name="myTest" time="0.196"/>
  <system-out/>
  <testcase classname="Magento_signin" name="myTest" time="0.203"/>
  <system-out/>
  <testcase classname="Magento_signin" name="myTest" time="0.197"/>
  <system-out/>
  <testcase classname="Magento_signin" name="myTest" time="0.190"/>
  <system-out/>
  <testcase classname="Magento_signin" name="myTest" time="0.204"/>
  <system-out/>
  <testcase classname="Magento_signin" name="myTest" time="0.247"/>
  <system-out/>
  <testcase classname="Magento_signin" name="myTest" time="0.195"/>
  <system-out/>
</testsuite> <!-- Magento_signin -->
